<?xml version="1.0" encoding="UTF-8"?>
<testsuite xmlns:xsi="http://www.w3.org/2001/XMLSchema-instance" xsi:noNamespaceSchemaLocation="https://maven.apache.org/surefire/maven-surefire-plugin/xsd/surefire-test-report.xsd" name="com.demo.DemoControllerTest" time="38.897" tests="5" errors="0" skipped="0" failures="1">
  <properties>
    <property name="awt.toolkit" value="sun.awt.X11.XToolkit"/>
    <property name="file.encoding.pkg" value="sun.io"/>
    <property name="java.specification.version" value="1.8"/>
    <property name="sun.cpu.isalist" value=""/>
    <property name="sun.jnu.encoding" value="UTF-8"/>
    <property name="java.class.path" value="/home/vagrant/GitHub/cdaas-demo-app/target/test-classes:/home/vagrant/GitHub/cdaas-demo-app/target/classes:/home/vagrant/GitHub/cdaas-demo-app/./.mvn/repository/org/springframework/boot/spring-boot-starter-thymeleaf/2.4.0/spring-boot-starter-thymeleaf-2.4.0.jar:/home/vagrant/GitHub/cdaas-demo-app/./.mvn/repository/org/springframework/boot/spring-boot-starter/2.4.0/spring-boot-starter-2.4.0.jar:/home/vagrant/GitHub/cdaas-demo-app/./.mvn/repository/org/springframework/boot/spring-boot-starter-logging/2.4.0/spring-boot-starter-logging-2.4.0.jar:/home/vagrant/GitHub/cdaas-demo-app/./.mvn/repository/ch/qos/logback/logback-classic/1.2.3/logback-classic-1.2.3.jar:/home/vagrant/GitHub/cdaas-demo-app/./.mvn/repository/ch/qos/logback/logback-core/1.2.3/logback-core-1.2.3.jar:/home/vagrant/GitHub/cdaas-demo-app/./.mvn/repository/org/apache/logging/log4j/log4j-to-slf4j/2.13.3/log4j-to-slf4j-2.13.3.jar:/home/vagrant/GitHub/cdaas-demo-app/./.mvn/repository/org/apache/logging/log4j/log4j-api/2.13.3/log4j-api-2.13.3.jar:/home/vagrant/GitHub/cdaas-demo-app/./.mvn/repository/org/slf4j/jul-to-slf4j/1.7.30/jul-to-slf4j-1.7.30.jar:/home/vagrant/GitHub/cdaas-demo-app/./.mvn/repository/jakarta/annotation/jakarta.annotation-api/1.3.5/jakarta.annotation-api-1.3.5.jar:/home/vagrant/GitHub/cdaas-demo-app/./.mvn/repository/org/yaml/snakeyaml/1.27/snakeyaml-1.27.jar:/home/vagrant/GitHub/cdaas-demo-app/./.mvn/repository/org/thymeleaf/thymeleaf-spring5/3.0.11.RELEASE/thymeleaf-spring5-3.0.11.RELEASE.jar:/home/vagrant/GitHub/cdaas-demo-app/./.mvn/repository/org/thymeleaf/thymeleaf/3.0.11.RELEASE/thymeleaf-3.0.11.RELEASE.jar:/home/vagrant/GitHub/cdaas-demo-app/./.mvn/repository/org/attoparser/attoparser/2.0.5.RELEASE/attoparser-2.0.5.RELEASE.jar:/home/vagrant/GitHub/cdaas-demo-app/./.mvn/repository/org/unbescape/unbescape/1.1.6.RELEASE/unbescape-1.1.6.RELEASE.jar:/home/vagrant/GitHub/cdaas-demo-app/./.mvn/repository/org/slf4j/slf4j-api/1.7.30/slf4j-api-1.7.30.jar:/home/vagrant/GitHub/cdaas-demo-app/./.mvn/repository/org/thymeleaf/extras/thymeleaf-extras-java8time/3.0.4.RELEASE/thymeleaf-extras-java8time-3.0.4.RELEASE.jar:/home/vagrant/GitHub/cdaas-demo-app/./.mvn/repository/org/springframework/boot/spring-boot-starter-web/2.4.0/spring-boot-starter-web-2.4.0.jar:/home/vagrant/GitHub/cdaas-demo-app/./.mvn/repository/org/springframework/boot/spring-boot-starter-json/2.4.0/spring-boot-starter-json-2.4.0.jar:/home/vagrant/GitHub/cdaas-demo-app/./.mvn/repository/com/fasterxml/jackson/core/jackson-databind/2.11.3/jackson-databind-2.11.3.jar:/home/vagrant/GitHub/cdaas-demo-app/./.mvn/repository/com/fasterxml/jackson/core/jackson-annotations/2.11.3/jackson-annotations-2.11.3.jar:/home/vagrant/GitHub/cdaas-demo-app/./.mvn/repository/com/fasterxml/jackson/core/jackson-core/2.11.3/jackson-core-2.11.3.jar:/home/vagrant/GitHub/cdaas-demo-app/./.mvn/repository/com/fasterxml/jackson/datatype/jackson-datatype-jdk8/2.11.3/jackson-datatype-jdk8-2.11.3.jar:/home/vagrant/GitHub/cdaas-demo-app/./.mvn/repository/com/fasterxml/jackson/datatype/jackson-datatype-jsr310/2.11.3/jackson-datatype-jsr310-2.11.3.jar:/home/vagrant/GitHub/cdaas-demo-app/./.mvn/repository/com/fasterxml/jackson/module/jackson-module-parameter-names/2.11.3/jackson-module-parameter-names-2.11.3.jar:/home/vagrant/GitHub/cdaas-demo-app/./.mvn/repository/org/springframework/boot/spring-boot-starter-tomcat/2.4.0/spring-boot-starter-tomcat-2.4.0.jar:/home/vagrant/GitHub/cdaas-demo-app/./.mvn/repository/org/apache/tomcat/embed/tomcat-embed-core/9.0.39/tomcat-embed-core-9.0.39.jar:/home/vagrant/GitHub/cdaas-demo-app/./.mvn/repository/org/glassfish/jakarta.el/3.0.3/jakarta.el-3.0.3.jar:/home/vagrant/GitHub/cdaas-demo-app/./.mvn/repository/org/apache/tomcat/embed/tomcat-embed-websocket/9.0.39/tomcat-embed-websocket-9.0.39.jar:/home/vagrant/GitHub/cdaas-demo-app/./.mvn/repository/org/springframework/spring-web/5.3.1/spring-web-5.3.1.jar:/home/vagrant/GitHub/cdaas-demo-app/./.mvn/repository/org/springframework/spring-beans/5.3.1/spring-beans-5.3.1.jar:/home/vagrant/GitHub/cdaas-demo-app/./.mvn/repository/org/springframework/spring-webmvc/5.3.1/spring-webmvc-5.3.1.jar:/home/vagrant/GitHub/cdaas-demo-app/./.mvn/repository/org/springframework/spring-aop/5.3.1/spring-aop-5.3.1.jar:/home/vagrant/GitHub/cdaas-demo-app/./.mvn/repository/org/springframework/spring-context/5.3.1/spring-context-5.3.1.jar:/home/vagrant/GitHub/cdaas-demo-app/./.mvn/repository/org/springframework/spring-expression/5.3.1/spring-expression-5.3.1.jar:/home/vagrant/GitHub/cdaas-demo-app/./.mvn/repository/org/springframework/boot/spring-boot-starter-actuator/2.4.0/spring-boot-starter-actuator-2.4.0.jar:/home/vagrant/GitHub/cdaas-demo-app/./.mvn/repository/org/springframework/boot/spring-boot-actuator-autoconfigure/2.4.0/spring-boot-actuator-autoconfigure-2.4.0.jar:/home/vagrant/GitHub/cdaas-demo-app/./.mvn/repository/org/springframework/boot/spring-boot-actuator/2.4.0/spring-boot-actuator-2.4.0.jar:/home/vagrant/GitHub/cdaas-demo-app/./.mvn/repository/io/micrometer/micrometer-core/1.6.1/micrometer-core-1.6.1.jar:/home/vagrant/GitHub/cdaas-demo-app/./.mvn/repository/org/hdrhistogram/HdrHistogram/2.1.12/HdrHistogram-2.1.12.jar:/home/vagrant/GitHub/cdaas-demo-app/./.mvn/repository/org/latencyutils/LatencyUtils/2.0.3/LatencyUtils-2.0.3.jar:/home/vagrant/GitHub/cdaas-demo-app/./.mvn/repository/org/springframework/boot/spring-boot-devtools/2.4.0/spring-boot-devtools-2.4.0.jar:/home/vagrant/GitHub/cdaas-demo-app/./.mvn/repository/org/springframework/boot/spring-boot/2.4.0/spring-boot-2.4.0.jar:/home/vagrant/GitHub/cdaas-demo-app/./.mvn/repository/org/springframework/boot/spring-boot-autoconfigure/2.4.0/spring-boot-autoconfigure-2.4.0.jar:/home/vagrant/GitHub/cdaas-demo-app/./.mvn/repository/org/springframework/boot/spring-boot-starter-test/2.4.0/spring-boot-starter-test-2.4.0.jar:/home/vagrant/GitHub/cdaas-demo-app/./.mvn/repository/org/springframework/boot/spring-boot-test/2.4.0/spring-boot-test-2.4.0.jar:/home/vagrant/GitHub/cdaas-demo-app/./.mvn/repository/org/springframework/boot/spring-boot-test-autoconfigure/2.4.0/spring-boot-test-autoconfigure-2.4.0.jar:/home/vagrant/GitHub/cdaas-demo-app/./.mvn/repository/com/jayway/jsonpath/json-path/2.4.0/json-path-2.4.0.jar:/home/vagrant/GitHub/cdaas-demo-app/./.mvn/repository/net/minidev/json-smart/2.3/json-smart-2.3.jar:/home/vagrant/GitHub/cdaas-demo-app/./.mvn/repository/net/minidev/accessors-smart/1.2/accessors-smart-1.2.jar:/home/vagrant/GitHub/cdaas-demo-app/./.mvn/repository/org/ow2/asm/asm/5.0.4/asm-5.0.4.jar:/home/vagrant/GitHub/cdaas-demo-app/./.mvn/repository/jakarta/xml/bind/jakarta.xml.bind-api/2.3.3/jakarta.xml.bind-api-2.3.3.jar:/home/vagrant/GitHub/cdaas-demo-app/./.mvn/repository/jakarta/activation/jakarta.activation-api/1.2.2/jakarta.activation-api-1.2.2.jar:/home/vagrant/GitHub/cdaas-demo-app/./.mvn/repository/org/assertj/assertj-core/3.18.1/assertj-core-3.18.1.jar:/home/vagrant/GitHub/cdaas-demo-app/./.mvn/repository/org/hamcrest/hamcrest/2.2/hamcrest-2.2.jar:/home/vagrant/GitHub/cdaas-demo-app/./.mvn/repository/org/junit/jupiter/junit-jupiter/5.7.0/junit-jupiter-5.7.0.jar:/home/vagrant/GitHub/cdaas-demo-app/./.mvn/repository/org/junit/jupiter/junit-jupiter-api/5.7.0/junit-jupiter-api-5.7.0.jar:/home/vagrant/GitHub/cdaas-demo-app/./.mvn/repository/org/apiguardian/apiguardian-api/1.1.0/apiguardian-api-1.1.0.jar:/home/vagrant/GitHub/cdaas-demo-app/./.mvn/repository/org/opentest4j/opentest4j/1.2.0/opentest4j-1.2.0.jar:/home/vagrant/GitHub/cdaas-demo-app/./.mvn/repository/org/junit/platform/junit-platform-commons/1.7.0/junit-platform-commons-1.7.0.jar:/home/vagrant/GitHub/cdaas-demo-app/./.mvn/repository/org/junit/jupiter/junit-jupiter-params/5.7.0/junit-jupiter-params-5.7.0.jar:/home/vagrant/GitHub/cdaas-demo-app/./.mvn/repository/org/junit/jupiter/junit-jupiter-engine/5.7.0/junit-jupiter-engine-5.7.0.jar:/home/vagrant/GitHub/cdaas-demo-app/./.mvn/repository/org/junit/platform/junit-platform-engine/1.7.0/junit-platform-engine-1.7.0.jar:/home/vagrant/GitHub/cdaas-demo-app/./.mvn/repository/org/mockito/mockito-core/3.6.0/mockito-core-3.6.0.jar:/home/vagrant/GitHub/cdaas-demo-app/./.mvn/repository/net/bytebuddy/byte-buddy/1.10.18/byte-buddy-1.10.18.jar:/home/vagrant/GitHub/cdaas-demo-app/./.mvn/repository/net/bytebuddy/byte-buddy-agent/1.10.18/byte-buddy-agent-1.10.18.jar:/home/vagrant/GitHub/cdaas-demo-app/./.mvn/repository/org/objenesis/objenesis/3.1/objenesis-3.1.jar:/home/vagrant/GitHub/cdaas-demo-app/./.mvn/repository/org/mockito/mockito-junit-jupiter/3.6.0/mockito-junit-jupiter-3.6.0.jar:/home/vagrant/GitHub/cdaas-demo-app/./.mvn/repository/org/skyscreamer/jsonassert/1.5.0/jsonassert-1.5.0.jar:/home/vagrant/GitHub/cdaas-demo-app/./.mvn/repository/com/vaadin/external/google/android-json/0.0.20131108.vaadin1/android-json-0.0.20131108.vaadin1.jar:/home/vagrant/GitHub/cdaas-demo-app/./.mvn/repository/org/springframework/spring-core/5.3.1/spring-core-5.3.1.jar:/home/vagrant/GitHub/cdaas-demo-app/./.mvn/repository/org/springframework/spring-jcl/5.3.1/spring-jcl-5.3.1.jar:/home/vagrant/GitHub/cdaas-demo-app/./.mvn/repository/org/springframework/spring-test/5.3.1/spring-test-5.3.1.jar:/home/vagrant/GitHub/cdaas-demo-app/./.mvn/repository/org/xmlunit/xmlunit-core/2.7.0/xmlunit-core-2.7.0.jar:/home/vagrant/GitHub/cdaas-demo-app/./.mvn/repository/io/gatling/highcharts/gatling-charts-highcharts/3.5.0/gatling-charts-highcharts-3.5.0.jar:/home/vagrant/GitHub/cdaas-demo-app/./.mvn/repository/org/scala-lang/scala-library/2.13.3/scala-library-2.13.3.jar:/home/vagrant/GitHub/cdaas-demo-app/./.mvn/repository/io/gatling/gatling-app/3.5.0/gatling-app-3.5.0.jar:/home/vagrant/GitHub/cdaas-demo-app/./.mvn/repository/io/gatling/gatling-core/3.5.0/gatling-core-3.5.0.jar:/home/vagrant/GitHub/cdaas-demo-app/./.mvn/repository/io/gatling/gatling-commons/3.5.0/gatling-commons-3.5.0.jar:/home/vagrant/GitHub/cdaas-demo-app/./.mvn/repository/io/gatling/gatling-commons-shared/3.5.0/gatling-commons-shared-3.5.0.jar:/home/vagrant/GitHub/cdaas-demo-app/./.mvn/repository/org/scala-lang/scala-reflect/2.13.3/scala-reflect-2.13.3.jar:/home/vagrant/GitHub/cdaas-demo-app/./.mvn/repository/io/suzaku/boopickle_2.13/1.3.3/boopickle_2.13-1.3.3.jar:/home/vagrant/GitHub/cdaas-demo-app/./.mvn/repository/io/gatling/gatling-commons-shared-unstable/3.5.0/gatling-commons-shared-unstable-3.5.0.jar:/home/vagrant/GitHub/cdaas-demo-app/./.mvn/repository/org/typelevel/spire-macros_2.13/0.17.0/spire-macros_2.13-0.17.0.jar:/home/vagrant/GitHub/cdaas-demo-app/./.mvn/repository/com/typesafe/scala-logging/scala-logging_2.13/3.9.2/scala-logging_2.13-3.9.2.jar:/home/vagrant/GitHub/cdaas-demo-app/./.mvn/repository/io/gatling/gatling-jsonpath/3.5.0/gatling-jsonpath-3.5.0.jar:/home/vagrant/GitHub/cdaas-demo-app/./.mvn/repository/com/typesafe/akka/akka-slf4j_2.13/2.6.10/akka-slf4j_2.13-2.6.10.jar:/home/vagrant/GitHub/cdaas-demo-app/./.mvn/repository/org/simpleflatmapper/lightning-csv/8.2.3/lightning-csv-8.2.3.jar:/home/vagrant/GitHub/cdaas-demo-app/./.mvn/repository/org/simpleflatmapper/sfm-util/8.2.3/sfm-util-8.2.3.jar:/home/vagrant/GitHub/cdaas-demo-app/./.mvn/repository/com/github/ben-manes/caffeine/caffeine/2.8.6/caffeine-2.8.6.jar:/home/vagrant/GitHub/cdaas-demo-app/./.mvn/repository/org/checkerframework/checker-qual/3.7.0/checker-qual-3.7.0.jar:/home/vagrant/GitHub/cdaas-demo-app/./.mvn/repository/com/google/errorprone/error_prone_annotations/2.4.0/error_prone_annotations-2.4.0.jar:/home/vagrant/GitHub/cdaas-demo-app/./.mvn/repository/io/pebbletemplates/pebble/3.1.4/pebble-3.1.4.jar:/home/vagrant/GitHub/cdaas-demo-app/./.mvn/repository/org/scala-lang/modules/scala-parser-combinators_2.13/1.1.2/scala-parser-combinators_2.13-1.1.2.jar:/home/vagrant/GitHub/cdaas-demo-app/./.mvn/repository/com/github/scopt/scopt_2.13/3.7.1/scopt_2.13-3.7.1.jar:/home/vagrant/GitHub/cdaas-demo-app/./.mvn/repository/io/netty/netty-handler/4.1.54.Final/netty-handler-4.1.54.Final.jar:/home/vagrant/GitHub/cdaas-demo-app/./.mvn/repository/io/netty/netty-resolver/4.1.54.Final/netty-resolver-4.1.54.Final.jar:/home/vagrant/GitHub/cdaas-demo-app/./.mvn/repository/com/softwaremill/quicklens/quicklens_2.13/1.6.1/quicklens_2.13-1.6.1.jar:/home/vagrant/GitHub/cdaas-demo-app/./.mvn/repository/net/sf/saxon/Saxon-HE/10.3/Saxon-HE-10.3.jar:/home/vagrant/GitHub/cdaas-demo-app/./.mvn/repository/org/jodd/jodd-lagarto/6.0.2/jodd-lagarto-6.0.2.jar:/home/vagrant/GitHub/cdaas-demo-app/./.mvn/repository/org/jodd/jodd-util/6.0.0/jodd-util-6.0.0.jar:/home/vagrant/GitHub/cdaas-demo-app/./.mvn/repository/io/burt/jmespath-jackson/0.5.0/jmespath-jackson-0.5.0.jar:/home/vagrant/GitHub/cdaas-demo-app/./.mvn/repository/io/burt/jmespath-core/0.5.0/jmespath-core-0.5.0.jar:/home/vagrant/GitHub/cdaas-demo-app/./.mvn/repository/io/gatling/gatling-http/3.5.0/gatling-http-3.5.0.jar:/home/vagrant/GitHub/cdaas-demo-app/./.mvn/repository/io/gatling/gatling-http-client/3.5.0/gatling-http-client-3.5.0.jar:/home/vagrant/GitHub/cdaas-demo-app/./.mvn/repository/io/gatling/gatling-netty-util/3.5.0/gatling-netty-util-3.5.0.jar:/home/vagrant/GitHub/cdaas-demo-app/./.mvn/repository/io/netty/netty-handler-proxy/4.1.54.Final/netty-handler-proxy-4.1.54.Final.jar:/home/vagrant/GitHub/cdaas-demo-app/./.mvn/repository/io/netty/netty-codec-socks/4.1.54.Final/netty-codec-socks-4.1.54.Final.jar:/home/vagrant/GitHub/cdaas-demo-app/./.mvn/repository/io/netty/netty-resolver-dns/4.1.54.Final/netty-resolver-dns-4.1.54.Final.jar:/home/vagrant/GitHub/cdaas-demo-app/./.mvn/repository/io/netty/netty-codec-dns/4.1.54.Final/netty-codec-dns-4.1.54.Final.jar:/home/vagrant/GitHub/cdaas-demo-app/./.mvn/repository/io/netty/netty-transport-native-epoll/4.1.54.Final/netty-transport-native-epoll-4.1.54.Final-linux-x86_64.jar:/home/vagrant/GitHub/cdaas-demo-app/./.mvn/repository/io/netty/netty-transport-native-unix-common/4.1.54.Final/netty-transport-native-unix-common-4.1.54.Final.jar:/home/vagrant/GitHub/cdaas-demo-app/./.mvn/repository/io/netty/netty-codec-http2/4.1.54.Final/netty-codec-http2-4.1.54.Final.jar:/home/vagrant/GitHub/cdaas-demo-app/./.mvn/repository/io/netty/netty-tcnative-boringssl-static/2.0.34.Final/netty-tcnative-boringssl-static-2.0.34.Final.jar:/home/vagrant/GitHub/cdaas-demo-app/./.mvn/repository/io/gatling/gatling-jms/3.5.0/gatling-jms-3.5.0.jar:/home/vagrant/GitHub/cdaas-demo-app/./.mvn/repository/javax/jms/javax.jms-api/2.0.1/javax.jms-api-2.0.1.jar:/home/vagrant/GitHub/cdaas-demo-app/./.mvn/repository/com/eatthepath/fast-uuid/0.1/fast-uuid-0.1.jar:/home/vagrant/GitHub/cdaas-demo-app/./.mvn/repository/io/gatling/gatling-jdbc/3.5.0/gatling-jdbc-3.5.0.jar:/home/vagrant/GitHub/cdaas-demo-app/./.mvn/repository/io/gatling/gatling-redis/3.5.0/gatling-redis-3.5.0.jar:/home/vagrant/GitHub/cdaas-demo-app/./.mvn/repository/net/debasishg/redisclient_2.13/3.30/redisclient_2.13-3.30.jar:/home/vagrant/GitHub/cdaas-demo-app/./.mvn/repository/org/apache/commons/commons-pool2/2.9.0/commons-pool2-2.9.0.jar:/home/vagrant/GitHub/cdaas-demo-app/./.mvn/repository/io/gatling/gatling-graphite/3.5.0/gatling-graphite-3.5.0.jar:/home/vagrant/GitHub/cdaas-demo-app/./.mvn/repository/io/gatling/gatling-charts/3.5.0/gatling-charts-3.5.0.jar:/home/vagrant/GitHub/cdaas-demo-app/./.mvn/repository/com/tdunning/t-digest/3.1/t-digest-3.1.jar:/home/vagrant/GitHub/cdaas-demo-app/./.mvn/repository/io/gatling/gatling-recorder/3.5.0/gatling-recorder-3.5.0.jar:/home/vagrant/GitHub/cdaas-demo-app/./.mvn/repository/org/scala-lang/modules/scala-swing_2.13/3.0.0/scala-swing_2.13-3.0.0.jar:/home/vagrant/GitHub/cdaas-demo-app/./.mvn/repository/org/bouncycastle/bcpkix-jdk15on/1.67/bcpkix-jdk15on-1.67.jar:/home/vagrant/GitHub/cdaas-demo-app/./.mvn/repository/org/bouncycastle/bcprov-jdk15on/1.67/bcprov-jdk15on-1.67.jar:/home/vagrant/GitHub/cdaas-demo-app/./.mvn/repository/io/netty/netty-codec-http/4.1.54.Final/netty-codec-http-4.1.54.Final.jar:/home/vagrant/GitHub/cdaas-demo-app/./.mvn/repository/io/netty/netty-common/4.1.54.Final/netty-common-4.1.54.Final.jar:/home/vagrant/GitHub/cdaas-demo-app/./.mvn/repository/io/netty/netty-buffer/4.1.54.Final/netty-buffer-4.1.54.Final.jar:/home/vagrant/GitHub/cdaas-demo-app/./.mvn/repository/io/netty/netty-transport/4.1.54.Final/netty-transport-4.1.54.Final.jar:/home/vagrant/GitHub/cdaas-demo-app/./.mvn/repository/io/netty/netty-codec/4.1.54.Final/netty-codec-4.1.54.Final.jar:/home/vagrant/GitHub/cdaas-demo-app/./.mvn/repository/com/typesafe/akka/akka-actor_2.13/2.6.10/akka-actor_2.13-2.6.10.jar:/home/vagrant/GitHub/cdaas-demo-app/./.mvn/repository/com/typesafe/config/1.4.0/config-1.4.0.jar:/home/vagrant/GitHub/cdaas-demo-app/./.mvn/repository/org/scala-lang/modules/scala-java8-compat_2.13/0.9.0/scala-java8-compat_2.13-0.9.0.jar:"/>
    <property name="java.vm.vendor" value="Red Hat, Inc."/>
    <property name="sun.arch.data.model" value="64"/>
    <property name="java.vendor.url" value="https://www.redhat.com/"/>
    <property name="user.timezone" value=""/>
    <property name="java.vm.specification.version" value="1.8"/>
    <property name="os.name" value="Linux"/>
    <property name="user.country" value="US"/>
    <property name="sun.java.launcher" value="SUN_STANDARD"/>
    <property name="sun.boot.library.path" value="/usr/lib/jvm/java-1.8.0-openjdk-1.8.0.282.b08-1.el7_9.x86_64/jre/lib/amd64"/>
    <property name="sun.java.command" value="/home/vagrant/GitHub/cdaas-demo-app/target/surefire/surefirebooter84899877321160999.jar /home/vagrant/GitHub/cdaas-demo-app/target/surefire 2021-03-31T07-18-25_685-jvmRun1 surefire3826048070248266822tmp surefire_09220292775970551850tmp"/>
    <property name="surefire.test.class.path" value="/home/vagrant/GitHub/cdaas-demo-app/target/test-classes:/home/vagrant/GitHub/cdaas-demo-app/target/classes:/home/vagrant/GitHub/cdaas-demo-app/./.mvn/repository/org/springframework/boot/spring-boot-starter-thymeleaf/2.4.0/spring-boot-starter-thymeleaf-2.4.0.jar:/home/vagrant/GitHub/cdaas-demo-app/./.mvn/repository/org/springframework/boot/spring-boot-starter/2.4.0/spring-boot-starter-2.4.0.jar:/home/vagrant/GitHub/cdaas-demo-app/./.mvn/repository/org/springframework/boot/spring-boot-starter-logging/2.4.0/spring-boot-starter-logging-2.4.0.jar:/home/vagrant/GitHub/cdaas-demo-app/./.mvn/repository/ch/qos/logback/logback-classic/1.2.3/logback-classic-1.2.3.jar:/home/vagrant/GitHub/cdaas-demo-app/./.mvn/repository/ch/qos/logback/logback-core/1.2.3/logback-core-1.2.3.jar:/home/vagrant/GitHub/cdaas-demo-app/./.mvn/repository/org/apache/logging/log4j/log4j-to-slf4j/2.13.3/log4j-to-slf4j-2.13.3.jar:/home/vagrant/GitHub/cdaas-demo-app/./.mvn/repository/org/apache/logging/log4j/log4j-api/2.13.3/log4j-api-2.13.3.jar:/home/vagrant/GitHub/cdaas-demo-app/./.mvn/repository/org/slf4j/jul-to-slf4j/1.7.30/jul-to-slf4j-1.7.30.jar:/home/vagrant/GitHub/cdaas-demo-app/./.mvn/repository/jakarta/annotation/jakarta.annotation-api/1.3.5/jakarta.annotation-api-1.3.5.jar:/home/vagrant/GitHub/cdaas-demo-app/./.mvn/repository/org/yaml/snakeyaml/1.27/snakeyaml-1.27.jar:/home/vagrant/GitHub/cdaas-demo-app/./.mvn/repository/org/thymeleaf/thymeleaf-spring5/3.0.11.RELEASE/thymeleaf-spring5-3.0.11.RELEASE.jar:/home/vagrant/GitHub/cdaas-demo-app/./.mvn/repository/org/thymeleaf/thymeleaf/3.0.11.RELEASE/thymeleaf-3.0.11.RELEASE.jar:/home/vagrant/GitHub/cdaas-demo-app/./.mvn/repository/org/attoparser/attoparser/2.0.5.RELEASE/attoparser-2.0.5.RELEASE.jar:/home/vagrant/GitHub/cdaas-demo-app/./.mvn/repository/org/unbescape/unbescape/1.1.6.RELEASE/unbescape-1.1.6.RELEASE.jar:/home/vagrant/GitHub/cdaas-demo-app/./.mvn/repository/org/slf4j/slf4j-api/1.7.30/slf4j-api-1.7.30.jar:/home/vagrant/GitHub/cdaas-demo-app/./.mvn/repository/org/thymeleaf/extras/thymeleaf-extras-java8time/3.0.4.RELEASE/thymeleaf-extras-java8time-3.0.4.RELEASE.jar:/home/vagrant/GitHub/cdaas-demo-app/./.mvn/repository/org/springframework/boot/spring-boot-starter-web/2.4.0/spring-boot-starter-web-2.4.0.jar:/home/vagrant/GitHub/cdaas-demo-app/./.mvn/repository/org/springframework/boot/spring-boot-starter-json/2.4.0/spring-boot-starter-json-2.4.0.jar:/home/vagrant/GitHub/cdaas-demo-app/./.mvn/repository/com/fasterxml/jackson/core/jackson-databind/2.11.3/jackson-databind-2.11.3.jar:/home/vagrant/GitHub/cdaas-demo-app/./.mvn/repository/com/fasterxml/jackson/core/jackson-annotations/2.11.3/jackson-annotations-2.11.3.jar:/home/vagrant/GitHub/cdaas-demo-app/./.mvn/repository/com/fasterxml/jackson/core/jackson-core/2.11.3/jackson-core-2.11.3.jar:/home/vagrant/GitHub/cdaas-demo-app/./.mvn/repository/com/fasterxml/jackson/datatype/jackson-datatype-jdk8/2.11.3/jackson-datatype-jdk8-2.11.3.jar:/home/vagrant/GitHub/cdaas-demo-app/./.mvn/repository/com/fasterxml/jackson/datatype/jackson-datatype-jsr310/2.11.3/jackson-datatype-jsr310-2.11.3.jar:/home/vagrant/GitHub/cdaas-demo-app/./.mvn/repository/com/fasterxml/jackson/module/jackson-module-parameter-names/2.11.3/jackson-module-parameter-names-2.11.3.jar:/home/vagrant/GitHub/cdaas-demo-app/./.mvn/repository/org/springframework/boot/spring-boot-starter-tomcat/2.4.0/spring-boot-starter-tomcat-2.4.0.jar:/home/vagrant/GitHub/cdaas-demo-app/./.mvn/repository/org/apache/tomcat/embed/tomcat-embed-core/9.0.39/tomcat-embed-core-9.0.39.jar:/home/vagrant/GitHub/cdaas-demo-app/./.mvn/repository/org/glassfish/jakarta.el/3.0.3/jakarta.el-3.0.3.jar:/home/vagrant/GitHub/cdaas-demo-app/./.mvn/repository/org/apache/tomcat/embed/tomcat-embed-websocket/9.0.39/tomcat-embed-websocket-9.0.39.jar:/home/vagrant/GitHub/cdaas-demo-app/./.mvn/repository/org/springframework/spring-web/5.3.1/spring-web-5.3.1.jar:/home/vagrant/GitHub/cdaas-demo-app/./.mvn/repository/org/springframework/spring-beans/5.3.1/spring-beans-5.3.1.jar:/home/vagrant/GitHub/cdaas-demo-app/./.mvn/repository/org/springframework/spring-webmvc/5.3.1/spring-webmvc-5.3.1.jar:/home/vagrant/GitHub/cdaas-demo-app/./.mvn/repository/org/springframework/spring-aop/5.3.1/spring-aop-5.3.1.jar:/home/vagrant/GitHub/cdaas-demo-app/./.mvn/repository/org/springframework/spring-context/5.3.1/spring-context-5.3.1.jar:/home/vagrant/GitHub/cdaas-demo-app/./.mvn/repository/org/springframework/spring-expression/5.3.1/spring-expression-5.3.1.jar:/home/vagrant/GitHub/cdaas-demo-app/./.mvn/repository/org/springframework/boot/spring-boot-starter-actuator/2.4.0/spring-boot-starter-actuator-2.4.0.jar:/home/vagrant/GitHub/cdaas-demo-app/./.mvn/repository/org/springframework/boot/spring-boot-actuator-autoconfigure/2.4.0/spring-boot-actuator-autoconfigure-2.4.0.jar:/home/vagrant/GitHub/cdaas-demo-app/./.mvn/repository/org/springframework/boot/spring-boot-actuator/2.4.0/spring-boot-actuator-2.4.0.jar:/home/vagrant/GitHub/cdaas-demo-app/./.mvn/repository/io/micrometer/micrometer-core/1.6.1/micrometer-core-1.6.1.jar:/home/vagrant/GitHub/cdaas-demo-app/./.mvn/repository/org/hdrhistogram/HdrHistogram/2.1.12/HdrHistogram-2.1.12.jar:/home/vagrant/GitHub/cdaas-demo-app/./.mvn/repository/org/latencyutils/LatencyUtils/2.0.3/LatencyUtils-2.0.3.jar:/home/vagrant/GitHub/cdaas-demo-app/./.mvn/repository/org/springframework/boot/spring-boot-devtools/2.4.0/spring-boot-devtools-2.4.0.jar:/home/vagrant/GitHub/cdaas-demo-app/./.mvn/repository/org/springframework/boot/spring-boot/2.4.0/spring-boot-2.4.0.jar:/home/vagrant/GitHub/cdaas-demo-app/./.mvn/repository/org/springframework/boot/spring-boot-autoconfigure/2.4.0/spring-boot-autoconfigure-2.4.0.jar:/home/vagrant/GitHub/cdaas-demo-app/./.mvn/repository/org/springframework/boot/spring-boot-starter-test/2.4.0/spring-boot-starter-test-2.4.0.jar:/home/vagrant/GitHub/cdaas-demo-app/./.mvn/repository/org/springframework/boot/spring-boot-test/2.4.0/spring-boot-test-2.4.0.jar:/home/vagrant/GitHub/cdaas-demo-app/./.mvn/repository/org/springframework/boot/spring-boot-test-autoconfigure/2.4.0/spring-boot-test-autoconfigure-2.4.0.jar:/home/vagrant/GitHub/cdaas-demo-app/./.mvn/repository/com/jayway/jsonpath/json-path/2.4.0/json-path-2.4.0.jar:/home/vagrant/GitHub/cdaas-demo-app/./.mvn/repository/net/minidev/json-smart/2.3/json-smart-2.3.jar:/home/vagrant/GitHub/cdaas-demo-app/./.mvn/repository/net/minidev/accessors-smart/1.2/accessors-smart-1.2.jar:/home/vagrant/GitHub/cdaas-demo-app/./.mvn/repository/org/ow2/asm/asm/5.0.4/asm-5.0.4.jar:/home/vagrant/GitHub/cdaas-demo-app/./.mvn/repository/jakarta/xml/bind/jakarta.xml.bind-api/2.3.3/jakarta.xml.bind-api-2.3.3.jar:/home/vagrant/GitHub/cdaas-demo-app/./.mvn/repository/jakarta/activation/jakarta.activation-api/1.2.2/jakarta.activation-api-1.2.2.jar:/home/vagrant/GitHub/cdaas-demo-app/./.mvn/repository/org/assertj/assertj-core/3.18.1/assertj-core-3.18.1.jar:/home/vagrant/GitHub/cdaas-demo-app/./.mvn/repository/org/hamcrest/hamcrest/2.2/hamcrest-2.2.jar:/home/vagrant/GitHub/cdaas-demo-app/./.mvn/repository/org/junit/jupiter/junit-jupiter/5.7.0/junit-jupiter-5.7.0.jar:/home/vagrant/GitHub/cdaas-demo-app/./.mvn/repository/org/junit/jupiter/junit-jupiter-api/5.7.0/junit-jupiter-api-5.7.0.jar:/home/vagrant/GitHub/cdaas-demo-app/./.mvn/repository/org/apiguardian/apiguardian-api/1.1.0/apiguardian-api-1.1.0.jar:/home/vagrant/GitHub/cdaas-demo-app/./.mvn/repository/org/opentest4j/opentest4j/1.2.0/opentest4j-1.2.0.jar:/home/vagrant/GitHub/cdaas-demo-app/./.mvn/repository/org/junit/platform/junit-platform-commons/1.7.0/junit-platform-commons-1.7.0.jar:/home/vagrant/GitHub/cdaas-demo-app/./.mvn/repository/org/junit/jupiter/junit-jupiter-params/5.7.0/junit-jupiter-params-5.7.0.jar:/home/vagrant/GitHub/cdaas-demo-app/./.mvn/repository/org/junit/jupiter/junit-jupiter-engine/5.7.0/junit-jupiter-engine-5.7.0.jar:/home/vagrant/GitHub/cdaas-demo-app/./.mvn/repository/org/junit/platform/junit-platform-engine/1.7.0/junit-platform-engine-1.7.0.jar:/home/vagrant/GitHub/cdaas-demo-app/./.mvn/repository/org/mockito/mockito-core/3.6.0/mockito-core-3.6.0.jar:/home/vagrant/GitHub/cdaas-demo-app/./.mvn/repository/net/bytebuddy/byte-buddy/1.10.18/byte-buddy-1.10.18.jar:/home/vagrant/GitHub/cdaas-demo-app/./.mvn/repository/net/bytebuddy/byte-buddy-agent/1.10.18/byte-buddy-agent-1.10.18.jar:/home/vagrant/GitHub/cdaas-demo-app/./.mvn/repository/org/objenesis/objenesis/3.1/objenesis-3.1.jar:/home/vagrant/GitHub/cdaas-demo-app/./.mvn/repository/org/mockito/mockito-junit-jupiter/3.6.0/mockito-junit-jupiter-3.6.0.jar:/home/vagrant/GitHub/cdaas-demo-app/./.mvn/repository/org/skyscreamer/jsonassert/1.5.0/jsonassert-1.5.0.jar:/home/vagrant/GitHub/cdaas-demo-app/./.mvn/repository/com/vaadin/external/google/android-json/0.0.20131108.vaadin1/android-json-0.0.20131108.vaadin1.jar:/home/vagrant/GitHub/cdaas-demo-app/./.mvn/repository/org/springframework/spring-core/5.3.1/spring-core-5.3.1.jar:/home/vagrant/GitHub/cdaas-demo-app/./.mvn/repository/org/springframework/spring-jcl/5.3.1/spring-jcl-5.3.1.jar:/home/vagrant/GitHub/cdaas-demo-app/./.mvn/repository/org/springframework/spring-test/5.3.1/spring-test-5.3.1.jar:/home/vagrant/GitHub/cdaas-demo-app/./.mvn/repository/org/xmlunit/xmlunit-core/2.7.0/xmlunit-core-2.7.0.jar:/home/vagrant/GitHub/cdaas-demo-app/./.mvn/repository/io/gatling/highcharts/gatling-charts-highcharts/3.5.0/gatling-charts-highcharts-3.5.0.jar:/home/vagrant/GitHub/cdaas-demo-app/./.mvn/repository/org/scala-lang/scala-library/2.13.3/scala-library-2.13.3.jar:/home/vagrant/GitHub/cdaas-demo-app/./.mvn/repository/io/gatling/gatling-app/3.5.0/gatling-app-3.5.0.jar:/home/vagrant/GitHub/cdaas-demo-app/./.mvn/repository/io/gatling/gatling-core/3.5.0/gatling-core-3.5.0.jar:/home/vagrant/GitHub/cdaas-demo-app/./.mvn/repository/io/gatling/gatling-commons/3.5.0/gatling-commons-3.5.0.jar:/home/vagrant/GitHub/cdaas-demo-app/./.mvn/repository/io/gatling/gatling-commons-shared/3.5.0/gatling-commons-shared-3.5.0.jar:/home/vagrant/GitHub/cdaas-demo-app/./.mvn/repository/org/scala-lang/scala-reflect/2.13.3/scala-reflect-2.13.3.jar:/home/vagrant/GitHub/cdaas-demo-app/./.mvn/repository/io/suzaku/boopickle_2.13/1.3.3/boopickle_2.13-1.3.3.jar:/home/vagrant/GitHub/cdaas-demo-app/./.mvn/repository/io/gatling/gatling-commons-shared-unstable/3.5.0/gatling-commons-shared-unstable-3.5.0.jar:/home/vagrant/GitHub/cdaas-demo-app/./.mvn/repository/org/typelevel/spire-macros_2.13/0.17.0/spire-macros_2.13-0.17.0.jar:/home/vagrant/GitHub/cdaas-demo-app/./.mvn/repository/com/typesafe/scala-logging/scala-logging_2.13/3.9.2/scala-logging_2.13-3.9.2.jar:/home/vagrant/GitHub/cdaas-demo-app/./.mvn/repository/io/gatling/gatling-jsonpath/3.5.0/gatling-jsonpath-3.5.0.jar:/home/vagrant/GitHub/cdaas-demo-app/./.mvn/repository/com/typesafe/akka/akka-slf4j_2.13/2.6.10/akka-slf4j_2.13-2.6.10.jar:/home/vagrant/GitHub/cdaas-demo-app/./.mvn/repository/org/simpleflatmapper/lightning-csv/8.2.3/lightning-csv-8.2.3.jar:/home/vagrant/GitHub/cdaas-demo-app/./.mvn/repository/org/simpleflatmapper/sfm-util/8.2.3/sfm-util-8.2.3.jar:/home/vagrant/GitHub/cdaas-demo-app/./.mvn/repository/com/github/ben-manes/caffeine/caffeine/2.8.6/caffeine-2.8.6.jar:/home/vagrant/GitHub/cdaas-demo-app/./.mvn/repository/org/checkerframework/checker-qual/3.7.0/checker-qual-3.7.0.jar:/home/vagrant/GitHub/cdaas-demo-app/./.mvn/repository/com/google/errorprone/error_prone_annotations/2.4.0/error_prone_annotations-2.4.0.jar:/home/vagrant/GitHub/cdaas-demo-app/./.mvn/repository/io/pebbletemplates/pebble/3.1.4/pebble-3.1.4.jar:/home/vagrant/GitHub/cdaas-demo-app/./.mvn/repository/org/scala-lang/modules/scala-parser-combinators_2.13/1.1.2/scala-parser-combinators_2.13-1.1.2.jar:/home/vagrant/GitHub/cdaas-demo-app/./.mvn/repository/com/github/scopt/scopt_2.13/3.7.1/scopt_2.13-3.7.1.jar:/home/vagrant/GitHub/cdaas-demo-app/./.mvn/repository/io/netty/netty-handler/4.1.54.Final/netty-handler-4.1.54.Final.jar:/home/vagrant/GitHub/cdaas-demo-app/./.mvn/repository/io/netty/netty-resolver/4.1.54.Final/netty-resolver-4.1.54.Final.jar:/home/vagrant/GitHub/cdaas-demo-app/./.mvn/repository/com/softwaremill/quicklens/quicklens_2.13/1.6.1/quicklens_2.13-1.6.1.jar:/home/vagrant/GitHub/cdaas-demo-app/./.mvn/repository/net/sf/saxon/Saxon-HE/10.3/Saxon-HE-10.3.jar:/home/vagrant/GitHub/cdaas-demo-app/./.mvn/repository/org/jodd/jodd-lagarto/6.0.2/jodd-lagarto-6.0.2.jar:/home/vagrant/GitHub/cdaas-demo-app/./.mvn/repository/org/jodd/jodd-util/6.0.0/jodd-util-6.0.0.jar:/home/vagrant/GitHub/cdaas-demo-app/./.mvn/repository/io/burt/jmespath-jackson/0.5.0/jmespath-jackson-0.5.0.jar:/home/vagrant/GitHub/cdaas-demo-app/./.mvn/repository/io/burt/jmespath-core/0.5.0/jmespath-core-0.5.0.jar:/home/vagrant/GitHub/cdaas-demo-app/./.mvn/repository/io/gatling/gatling-http/3.5.0/gatling-http-3.5.0.jar:/home/vagrant/GitHub/cdaas-demo-app/./.mvn/repository/io/gatling/gatling-http-client/3.5.0/gatling-http-client-3.5.0.jar:/home/vagrant/GitHub/cdaas-demo-app/./.mvn/repository/io/gatling/gatling-netty-util/3.5.0/gatling-netty-util-3.5.0.jar:/home/vagrant/GitHub/cdaas-demo-app/./.mvn/repository/io/netty/netty-handler-proxy/4.1.54.Final/netty-handler-proxy-4.1.54.Final.jar:/home/vagrant/GitHub/cdaas-demo-app/./.mvn/repository/io/netty/netty-codec-socks/4.1.54.Final/netty-codec-socks-4.1.54.Final.jar:/home/vagrant/GitHub/cdaas-demo-app/./.mvn/repository/io/netty/netty-resolver-dns/4.1.54.Final/netty-resolver-dns-4.1.54.Final.jar:/home/vagrant/GitHub/cdaas-demo-app/./.mvn/repository/io/netty/netty-codec-dns/4.1.54.Final/netty-codec-dns-4.1.54.Final.jar:/home/vagrant/GitHub/cdaas-demo-app/./.mvn/repository/io/netty/netty-transport-native-epoll/4.1.54.Final/netty-transport-native-epoll-4.1.54.Final-linux-x86_64.jar:/home/vagrant/GitHub/cdaas-demo-app/./.mvn/repository/io/netty/netty-transport-native-unix-common/4.1.54.Final/netty-transport-native-unix-common-4.1.54.Final.jar:/home/vagrant/GitHub/cdaas-demo-app/./.mvn/repository/io/netty/netty-codec-http2/4.1.54.Final/netty-codec-http2-4.1.54.Final.jar:/home/vagrant/GitHub/cdaas-demo-app/./.mvn/repository/io/netty/netty-tcnative-boringssl-static/2.0.34.Final/netty-tcnative-boringssl-static-2.0.34.Final.jar:/home/vagrant/GitHub/cdaas-demo-app/./.mvn/repository/io/gatling/gatling-jms/3.5.0/gatling-jms-3.5.0.jar:/home/vagrant/GitHub/cdaas-demo-app/./.mvn/repository/javax/jms/javax.jms-api/2.0.1/javax.jms-api-2.0.1.jar:/home/vagrant/GitHub/cdaas-demo-app/./.mvn/repository/com/eatthepath/fast-uuid/0.1/fast-uuid-0.1.jar:/home/vagrant/GitHub/cdaas-demo-app/./.mvn/repository/io/gatling/gatling-jdbc/3.5.0/gatling-jdbc-3.5.0.jar:/home/vagrant/GitHub/cdaas-demo-app/./.mvn/repository/io/gatling/gatling-redis/3.5.0/gatling-redis-3.5.0.jar:/home/vagrant/GitHub/cdaas-demo-app/./.mvn/repository/net/debasishg/redisclient_2.13/3.30/redisclient_2.13-3.30.jar:/home/vagrant/GitHub/cdaas-demo-app/./.mvn/repository/org/apache/commons/commons-pool2/2.9.0/commons-pool2-2.9.0.jar:/home/vagrant/GitHub/cdaas-demo-app/./.mvn/repository/io/gatling/gatling-graphite/3.5.0/gatling-graphite-3.5.0.jar:/home/vagrant/GitHub/cdaas-demo-app/./.mvn/repository/io/gatling/gatling-charts/3.5.0/gatling-charts-3.5.0.jar:/home/vagrant/GitHub/cdaas-demo-app/./.mvn/repository/com/tdunning/t-digest/3.1/t-digest-3.1.jar:/home/vagrant/GitHub/cdaas-demo-app/./.mvn/repository/io/gatling/gatling-recorder/3.5.0/gatling-recorder-3.5.0.jar:/home/vagrant/GitHub/cdaas-demo-app/./.mvn/repository/org/scala-lang/modules/scala-swing_2.13/3.0.0/scala-swing_2.13-3.0.0.jar:/home/vagrant/GitHub/cdaas-demo-app/./.mvn/repository/org/bouncycastle/bcpkix-jdk15on/1.67/bcpkix-jdk15on-1.67.jar:/home/vagrant/GitHub/cdaas-demo-app/./.mvn/repository/org/bouncycastle/bcprov-jdk15on/1.67/bcprov-jdk15on-1.67.jar:/home/vagrant/GitHub/cdaas-demo-app/./.mvn/repository/io/netty/netty-codec-http/4.1.54.Final/netty-codec-http-4.1.54.Final.jar:/home/vagrant/GitHub/cdaas-demo-app/./.mvn/repository/io/netty/netty-common/4.1.54.Final/netty-common-4.1.54.Final.jar:/home/vagrant/GitHub/cdaas-demo-app/./.mvn/repository/io/netty/netty-buffer/4.1.54.Final/netty-buffer-4.1.54.Final.jar:/home/vagrant/GitHub/cdaas-demo-app/./.mvn/repository/io/netty/netty-transport/4.1.54.Final/netty-transport-4.1.54.Final.jar:/home/vagrant/GitHub/cdaas-demo-app/./.mvn/repository/io/netty/netty-codec/4.1.54.Final/netty-codec-4.1.54.Final.jar:/home/vagrant/GitHub/cdaas-demo-app/./.mvn/repository/com/typesafe/akka/akka-actor_2.13/2.6.10/akka-actor_2.13-2.6.10.jar:/home/vagrant/GitHub/cdaas-demo-app/./.mvn/repository/com/typesafe/config/1.4.0/config-1.4.0.jar:/home/vagrant/GitHub/cdaas-demo-app/./.mvn/repository/org/scala-lang/modules/scala-java8-compat_2.13/0.9.0/scala-java8-compat_2.13-0.9.0.jar:"/>
    <property name="sun.cpu.endian" value="little"/>
    <property name="user.home" value="/root"/>
    <property name="user.language" value="en"/>
    <property name="java.specification.vendor" value="Oracle Corporation"/>
    <property name="java.home" value="/usr/lib/jvm/java-1.8.0-openjdk-1.8.0.282.b08-1.el7_9.x86_64/jre"/>
    <property name="basedir" value="/home/vagrant/GitHub/cdaas-demo-app"/>
    <property name="file.separator" value="/"/>
    <property name="line.separator" value="&#10;"/>
    <property name="java.vm.specification.vendor" value="Oracle Corporation"/>
    <property name="java.specification.name" value="Java Platform API Specification"/>
    <property name="java.awt.graphicsenv" value="sun.awt.X11GraphicsEnvironment"/>
    <property name="surefire.real.class.path" value="/home/vagrant/GitHub/cdaas-demo-app/target/surefire/surefirebooter84899877321160999.jar"/>
    <property name="sun.boot.class.path" value="/usr/lib/jvm/java-1.8.0-openjdk-1.8.0.282.b08-1.el7_9.x86_64/jre/lib/resources.jar:/usr/lib/jvm/java-1.8.0-openjdk-1.8.0.282.b08-1.el7_9.x86_64/jre/lib/rt.jar:/usr/lib/jvm/java-1.8.0-openjdk-1.8.0.282.b08-1.el7_9.x86_64/jre/lib/sunrsasign.jar:/usr/lib/jvm/java-1.8.0-openjdk-1.8.0.282.b08-1.el7_9.x86_64/jre/lib/jsse.jar:/usr/lib/jvm/java-1.8.0-openjdk-1.8.0.282.b08-1.el7_9.x86_64/jre/lib/jce.jar:/usr/lib/jvm/java-1.8.0-openjdk-1.8.0.282.b08-1.el7_9.x86_64/jre/lib/charsets.jar:/usr/lib/jvm/java-1.8.0-openjdk-1.8.0.282.b08-1.el7_9.x86_64/jre/lib/jfr.jar:/usr/lib/jvm/java-1.8.0-openjdk-1.8.0.282.b08-1.el7_9.x86_64/jre/classes"/>
    <property name="sun.management.compiler" value="HotSpot 64-Bit Tiered Compilers"/>
    <property name="java.runtime.version" value="1.8.0_282-b08"/>
    <property name="user.name" value="root"/>
    <property name="path.separator" value=":"/>
    <property name="os.version" value="3.10.0-1160.15.2.el7.x86_64"/>
    <property name="java.endorsed.dirs" value="/usr/lib/jvm/java-1.8.0-openjdk-1.8.0.282.b08-1.el7_9.x86_64/jre/lib/endorsed"/>
    <property name="java.runtime.name" value="OpenJDK Runtime Environment"/>
    <property name="file.encoding" value="UTF-8"/>
    <property name="java.vm.name" value="OpenJDK 64-Bit Server VM"/>
    <property name="localRepository" value="/home/vagrant/GitHub/cdaas-demo-app/./.mvn/repository"/>
    <property name="java.vendor.url.bug" value="https://bugzilla.redhat.com/enter_bug.cgi?product=Red%20Hat%20Enterprise%20Linux%207&amp;component=java-1.8.0-openjdk"/>
    <property name="java.io.tmpdir" value="/tmp"/>
    <property name="java.version" value="1.8.0_282"/>
    <property name="user.dir" value="/home/vagrant/GitHub/cdaas-demo-app"/>
    <property name="os.arch" value="amd64"/>
    <property name="java.vm.specification.name" value="Java Virtual Machine Specification"/>
    <property name="java.awt.printerjob" value="sun.print.PSPrinterJob"/>
    <property name="sun.os.patch.level" value="unknown"/>
    <property name="java.library.path" value="/usr/java/packages/lib/amd64:/usr/lib64:/lib64:/lib:/usr/lib"/>
    <property name="java.vm.info" value="mixed mode"/>
    <property name="java.vendor" value="Red Hat, Inc."/>
    <property name="java.vm.version" value="25.282-b08"/>
    <property name="java.ext.dirs" value="/usr/lib/jvm/java-1.8.0-openjdk-1.8.0.282.b08-1.el7_9.x86_64/jre/lib/ext:/usr/java/packages/lib/ext"/>
    <property name="sun.io.unicode.encoding" value="UnicodeLittle"/>
    <property name="java.class.version" value="52.0"/>
  </properties>
  <testcase name="gitlab" classname="com.demo.DemoControllerTest" time="7.057">
    <failure message="Response content&#10;Expected: a string containing &quot;GitLab&quot;&#10;     but: was &quot;&lt;!DOCTYPE html&gt;&#10;&lt;html lang=&quot;en&quot;&gt;&#10;&#10;&lt;head&gt;&#10;    &lt;meta charset=&quot;UTF-8&quot;&gt;&#10;    &lt;meta name=&quot;viewport&quot; content=&quot;width=device-width,initial-scale=1.0&quot;&gt;&#10;    &lt;link rel=&quot;stylesheet&quot; href=&quot;https://cdnjs.cloudflare.com/ajax/libs/font-awesome/5.13.0/css/all.min.css&quot;&#10;        integrity=&quot;sha256-h20CPZ0QyXlBuAw7A+KluUYx/3pK+c7lYEpqLTlxjYQ=&quot; crossorigin=&quot;anonymous&quot; /&gt;&#10;    &lt;link rel=&quot;stylesheet&quot; href=&quot;/styles/main.css&quot; /&gt;&#10;    &lt;title&gt;Demo App&lt;/title&gt;&#10;&lt;/head&gt;&#10;&#10;&lt;body&gt;&#10;    &lt;div class=&quot;container&quot;&gt;&#10;        &lt;div class=&quot;bg2&quot;&gt;&#10;            &lt;h2&gt;&lt;i class=&quot;fas fa-frog&quot;&gt;&lt;/i&gt;&lt;/h2&gt;&#10;            &lt;p&gt;&lt;a href=&quot;https://192.168.130.23&quot;&gt;Artifactory&lt;/a&gt;&lt;/p&gt;&#10;        &lt;/div&gt;&#10;        &lt;div class=&quot;bg2&quot;&gt;&#10;            &lt;h2&gt;&lt;i class=&quot;fas fa-database&quot;&gt;&lt;/i&gt;&lt;/h2&gt;&#10;            &lt;p&gt;&lt;a href=&quot;https://192.168.130.21/pgadmin4&quot;&gt;PG Admin&lt;/a&gt;&lt;/p&gt;&#10;        &lt;/div&gt;&#10;        &lt;div class=&quot;bg2&quot;&gt;&#10;            &lt;h2&gt;&lt;i class=&quot;fas fa-database&quot;&gt;&lt;/i&gt;&lt;/h2&gt;&#10;            &lt;p&gt;&lt;a href=&quot;https://192.168.130.21/adminer&quot;&gt;Adminer&lt;/a&gt;&lt;/p&gt;&#10;        &lt;/div&gt;&#10;    &lt;/div&gt;&#10;&lt;/body&gt;&#10;&#10;&lt;/html&gt;&#10;&quot;" type="java.lang.AssertionError"><![CDATA[java.lang.AssertionError: 
Response content
Expected: a string containing "GitLab"
     but: was "<!DOCTYPE html>
<html lang="en">

<head>
    <meta charset="UTF-8">
    <meta name="viewport" content="width=device-width,initial-scale=1.0">
    <link rel="stylesheet" href="https://cdnjs.cloudflare.com/ajax/libs/font-awesome/5.13.0/css/all.min.css"
        integrity="sha256-h20CPZ0QyXlBuAw7A+KluUYx/3pK+c7lYEpqLTlxjYQ=" crossorigin="anonymous" />
    <link rel="stylesheet" href="/styles/main.css" />
    <title>Demo App</title>
</head>

<body>
    <div class="container">
        <div class="bg2">
            <h2><i class="fas fa-frog"></i></h2>
            <p><a href="https://192.168.130.23">Artifactory</a></p>
        </div>
        <div class="bg2">
            <h2><i class="fas fa-database"></i></h2>
            <p><a href="https://192.168.130.21/pgadmin4">PG Admin</a></p>
        </div>
        <div class="bg2">
            <h2><i class="fas fa-database"></i></h2>
            <p><a href="https://192.168.130.21/adminer">Adminer</a></p>
        </div>
    </div>
</body>

</html>
"
	at com.demo.DemoControllerTest.gitlab(DemoControllerTest.java:28)
]]></failure>
    <system-out><![CDATA[07:18:30.771 [main] DEBUG org.springframework.test.context.BootstrapUtils - Instantiating CacheAwareContextLoaderDelegate from class [org.springframework.test.context.cache.DefaultCacheAwareContextLoaderDelegate]
07:18:30.866 [main] DEBUG org.springframework.test.context.BootstrapUtils - Instantiating BootstrapContext using constructor [public org.springframework.test.context.support.DefaultBootstrapContext(java.lang.Class,org.springframework.test.context.CacheAwareContextLoaderDelegate)]
07:18:31.143 [main] DEBUG org.springframework.test.context.BootstrapUtils - Instantiating TestContextBootstrapper for test class [com.demo.DemoControllerTest] from class [org.springframework.boot.test.autoconfigure.web.servlet.WebMvcTestContextBootstrapper]
07:18:31.279 [main] INFO org.springframework.boot.test.autoconfigure.web.servlet.WebMvcTestContextBootstrapper - Neither @ContextConfiguration nor @ContextHierarchy found for test class [com.demo.DemoControllerTest], using SpringBootContextLoader
07:18:31.294 [main] DEBUG org.springframework.test.context.support.AbstractContextLoader - Did not detect default resource location for test class [com.demo.DemoControllerTest]: class path resource [com/demo/DemoControllerTest-context.xml] does not exist
07:18:31.294 [main] DEBUG org.springframework.test.context.support.AbstractContextLoader - Did not detect default resource location for test class [com.demo.DemoControllerTest]: class path resource [com/demo/DemoControllerTestContext.groovy] does not exist
07:18:31.295 [main] INFO org.springframework.test.context.support.AbstractContextLoader - Could not detect default resource locations for test class [com.demo.DemoControllerTest]: no resource found for suffixes {-context.xml, Context.groovy}.
07:18:31.296 [main] INFO org.springframework.test.context.support.AnnotationConfigContextLoaderUtils - Could not detect default configuration classes for test class [com.demo.DemoControllerTest]: DemoControllerTest does not declare any static, non-private, non-final, nested classes annotated with @Configuration.
07:18:32.109 [main] DEBUG org.springframework.test.context.support.ActiveProfilesUtils - Could not find an 'annotation declaring class' for annotation type [org.springframework.test.context.ActiveProfiles] and class [com.demo.DemoControllerTest]
07:18:32.493 [main] DEBUG org.springframework.context.annotation.ClassPathScanningCandidateComponentProvider - Identified candidate component class: file [/home/vagrant/GitHub/cdaas-demo-app/target/classes/com/demo/DemoApplication.class]
07:18:32.495 [main] INFO org.springframework.boot.test.context.SpringBootTestContextBootstrapper - Found @SpringBootConfiguration com.demo.DemoApplication for test class com.demo.DemoControllerTest
07:18:32.523 [main] DEBUG org.springframework.boot.test.autoconfigure.web.servlet.WebMvcTestContextBootstrapper - @TestExecutionListeners is not present for class [com.demo.DemoControllerTest]: using defaults.
07:18:32.524 [main] INFO org.springframework.boot.test.autoconfigure.web.servlet.WebMvcTestContextBootstrapper - Loaded default TestExecutionListener class names from location [META-INF/spring.factories]: [org.springframework.boot.test.mock.mockito.MockitoTestExecutionListener, org.springframework.boot.test.mock.mockito.ResetMocksTestExecutionListener, org.springframework.boot.test.autoconfigure.restdocs.RestDocsTestExecutionListener, org.springframework.boot.test.autoconfigure.web.client.MockRestServiceServerResetTestExecutionListener, org.springframework.boot.test.autoconfigure.web.servlet.MockMvcPrintOnlyOnFailureTestExecutionListener, org.springframework.boot.test.autoconfigure.web.servlet.WebDriverTestExecutionListener, org.springframework.boot.test.autoconfigure.webservices.client.MockWebServiceServerTestExecutionListener, org.springframework.test.context.web.ServletTestExecutionListener, org.springframework.test.context.support.DirtiesContextBeforeModesTestExecutionListener, org.springframework.test.context.support.DependencyInjectionTestExecutionListener, org.springframework.test.context.support.DirtiesContextTestExecutionListener, org.springframework.test.context.transaction.TransactionalTestExecutionListener, org.springframework.test.context.jdbc.SqlScriptsTestExecutionListener, org.springframework.test.context.event.EventPublishingTestExecutionListener]
07:18:32.747 [main] DEBUG org.springframework.boot.test.autoconfigure.web.servlet.WebMvcTestContextBootstrapper - Skipping candidate TestExecutionListener [org.springframework.test.context.transaction.TransactionalTestExecutionListener] due to a missing dependency. Specify custom listener classes or make the default listener classes and their required dependencies available. Offending class: [org/springframework/transaction/TransactionDefinition]
07:18:32.749 [main] DEBUG org.springframework.boot.test.autoconfigure.web.servlet.WebMvcTestContextBootstrapper - Skipping candidate TestExecutionListener [org.springframework.test.context.jdbc.SqlScriptsTestExecutionListener] due to a missing dependency. Specify custom listener classes or make the default listener classes and their required dependencies available. Offending class: [org/springframework/transaction/interceptor/TransactionAttribute]
07:18:32.749 [main] INFO org.springframework.boot.test.autoconfigure.web.servlet.WebMvcTestContextBootstrapper - Using TestExecutionListeners: [org.springframework.test.context.web.ServletTestExecutionListener@41e1e210, org.springframework.test.context.support.DirtiesContextBeforeModesTestExecutionListener@be35cd9, org.springframework.boot.test.mock.mockito.MockitoTestExecutionListener@4944252c, org.springframework.boot.test.autoconfigure.SpringBootDependencyInjectionTestExecutionListener@44821a96, org.springframework.test.context.support.DirtiesContextTestExecutionListener@a3d8174, org.springframework.test.context.event.EventPublishingTestExecutionListener@1ba9117e, org.springframework.boot.test.mock.mockito.ResetMocksTestExecutionListener@732c2a62, org.springframework.boot.test.autoconfigure.restdocs.RestDocsTestExecutionListener@272ed83b, org.springframework.boot.test.autoconfigure.web.client.MockRestServiceServerResetTestExecutionListener@41fecb8b, org.springframework.boot.test.autoconfigure.web.servlet.MockMvcPrintOnlyOnFailureTestExecutionListener@120f102b, org.springframework.boot.test.autoconfigure.web.servlet.WebDriverTestExecutionListener@625732, org.springframework.boot.test.autoconfigure.webservices.client.MockWebServiceServerTestExecutionListener@51dcb805]
07:18:32.783 [main] DEBUG org.springframework.test.context.support.AbstractDirtiesContextTestExecutionListener - Before test class: context [DefaultTestContext@1a4013 testClass = DemoControllerTest, testInstance = [null], testMethod = [null], testException = [null], mergedContextConfiguration = [WebMergedContextConfiguration@1b6e1eff testClass = DemoControllerTest, locations = '{}', classes = '{class com.demo.DemoApplication}', contextInitializerClasses = '[]', activeProfiles = '{}', propertySourceLocations = '{}', propertySourceProperties = '{org.springframework.boot.test.autoconfigure.web.servlet.WebMvcTestContextBootstrapper=true}', contextCustomizers = set[[ImportsContextCustomizer@306f16f3 key = [org.springframework.boot.autoconfigure.cache.CacheAutoConfiguration, org.springframework.boot.autoconfigure.context.MessageSourceAutoConfiguration, org.springframework.boot.autoconfigure.data.web.SpringDataWebAutoConfiguration, org.springframework.boot.autoconfigure.freemarker.FreeMarkerAutoConfiguration, org.springframework.boot.autoconfigure.groovy.template.GroovyTemplateAutoConfiguration, org.springframework.boot.autoconfigure.gson.GsonAutoConfiguration, org.springframework.boot.autoconfigure.hateoas.HypermediaAutoConfiguration, org.springframework.boot.autoconfigure.http.HttpMessageConvertersAutoConfiguration, org.springframework.boot.autoconfigure.jackson.JacksonAutoConfiguration, org.springframework.boot.autoconfigure.jsonb.JsonbAutoConfiguration, org.springframework.boot.autoconfigure.mustache.MustacheAutoConfiguration, org.springframework.boot.autoconfigure.task.TaskExecutionAutoConfiguration, org.springframework.boot.autoconfigure.thymeleaf.ThymeleafAutoConfiguration, org.springframework.boot.autoconfigure.validation.ValidationAutoConfiguration, org.springframework.boot.autoconfigure.web.servlet.error.ErrorMvcAutoConfiguration, org.springframework.boot.autoconfigure.web.servlet.HttpEncodingAutoConfiguration, org.springframework.boot.autoconfigure.web.servlet.WebMvcAutoConfiguration, org.springframework.boot.test.autoconfigure.web.servlet.MockMvcAutoConfiguration, org.springframework.boot.test.autoconfigure.web.servlet.MockMvcWebClientAutoConfiguration, org.springframework.boot.test.autoconfigure.web.servlet.MockMvcWebDriverAutoConfiguration, org.springframework.boot.autoconfigure.security.oauth2.client.servlet.OAuth2ClientAutoConfiguration, org.springframework.boot.autoconfigure.security.oauth2.resource.servlet.OAuth2ResourceServerAutoConfiguration, org.springframework.boot.autoconfigure.security.servlet.SecurityAutoConfiguration, org.springframework.boot.autoconfigure.security.servlet.SecurityFilterAutoConfiguration, org.springframework.boot.autoconfigure.security.servlet.UserDetailsServiceAutoConfiguration, org.springframework.boot.test.autoconfigure.web.servlet.MockMvcSecurityConfiguration]], org.springframework.boot.test.context.filter.ExcludeFilterContextCustomizer@145f66e3, org.springframework.boot.test.json.DuplicateJsonObjectContextCustomizerFactory$DuplicateJsonObjectContextCustomizer@4562e04d, org.springframework.boot.test.mock.mockito.MockitoContextCustomizer@0, org.springframework.boot.test.autoconfigure.OverrideAutoConfigurationContextCustomizerFactory$DisableAutoConfigurationContextCustomizer@14cd1699, org.springframework.boot.test.autoconfigure.actuate.metrics.MetricsExportContextCustomizerFactory$DisableMetricExportContextCustomizer@4802796d, org.springframework.boot.test.autoconfigure.filter.TypeExcludeFiltersContextCustomizer@d90f3952, org.springframework.boot.test.autoconfigure.properties.PropertyMappingContextCustomizer@46a9aa5c, org.springframework.boot.test.autoconfigure.web.servlet.WebDriverContextCustomizerFactory$Customizer@489115ef, org.springframework.boot.test.context.SpringBootTestArgs@1, org.springframework.boot.test.context.SpringBootTestWebEnvironment@0], resourceBasePath = 'src/main/webapp', contextLoader = 'org.springframework.boot.test.context.SpringBootContextLoader', parent = [null]], attributes = map[[empty]]], class annotated with @DirtiesContext [false] with mode [null].
07:18:33.194 [main] DEBUG org.springframework.test.context.support.DependencyInjectionTestExecutionListener - Performing dependency injection for test context [[DefaultTestContext@1a4013 testClass = DemoControllerTest, testInstance = com.demo.DemoControllerTest@63a12c68, testMethod = [null], testException = [null], mergedContextConfiguration = [WebMergedContextConfiguration@1b6e1eff testClass = DemoControllerTest, locations = '{}', classes = '{class com.demo.DemoApplication}', contextInitializerClasses = '[]', activeProfiles = '{}', propertySourceLocations = '{}', propertySourceProperties = '{org.springframework.boot.test.autoconfigure.web.servlet.WebMvcTestContextBootstrapper=true}', contextCustomizers = set[[ImportsContextCustomizer@306f16f3 key = [org.springframework.boot.autoconfigure.cache.CacheAutoConfiguration, org.springframework.boot.autoconfigure.context.MessageSourceAutoConfiguration, org.springframework.boot.autoconfigure.data.web.SpringDataWebAutoConfiguration, org.springframework.boot.autoconfigure.freemarker.FreeMarkerAutoConfiguration, org.springframework.boot.autoconfigure.groovy.template.GroovyTemplateAutoConfiguration, org.springframework.boot.autoconfigure.gson.GsonAutoConfiguration, org.springframework.boot.autoconfigure.hateoas.HypermediaAutoConfiguration, org.springframework.boot.autoconfigure.http.HttpMessageConvertersAutoConfiguration, org.springframework.boot.autoconfigure.jackson.JacksonAutoConfiguration, org.springframework.boot.autoconfigure.jsonb.JsonbAutoConfiguration, org.springframework.boot.autoconfigure.mustache.MustacheAutoConfiguration, org.springframework.boot.autoconfigure.task.TaskExecutionAutoConfiguration, org.springframework.boot.autoconfigure.thymeleaf.ThymeleafAutoConfiguration, org.springframework.boot.autoconfigure.validation.ValidationAutoConfiguration, org.springframework.boot.autoconfigure.web.servlet.error.ErrorMvcAutoConfiguration, org.springframework.boot.autoconfigure.web.servlet.HttpEncodingAutoConfiguration, org.springframework.boot.autoconfigure.web.servlet.WebMvcAutoConfiguration, org.springframework.boot.test.autoconfigure.web.servlet.MockMvcAutoConfiguration, org.springframework.boot.test.autoconfigure.web.servlet.MockMvcWebClientAutoConfiguration, org.springframework.boot.test.autoconfigure.web.servlet.MockMvcWebDriverAutoConfiguration, org.springframework.boot.autoconfigure.security.oauth2.client.servlet.OAuth2ClientAutoConfiguration, org.springframework.boot.autoconfigure.security.oauth2.resource.servlet.OAuth2ResourceServerAutoConfiguration, org.springframework.boot.autoconfigure.security.servlet.SecurityAutoConfiguration, org.springframework.boot.autoconfigure.security.servlet.SecurityFilterAutoConfiguration, org.springframework.boot.autoconfigure.security.servlet.UserDetailsServiceAutoConfiguration, org.springframework.boot.test.autoconfigure.web.servlet.MockMvcSecurityConfiguration]], org.springframework.boot.test.context.filter.ExcludeFilterContextCustomizer@145f66e3, org.springframework.boot.test.json.DuplicateJsonObjectContextCustomizerFactory$DuplicateJsonObjectContextCustomizer@4562e04d, org.springframework.boot.test.mock.mockito.MockitoContextCustomizer@0, org.springframework.boot.test.autoconfigure.OverrideAutoConfigurationContextCustomizerFactory$DisableAutoConfigurationContextCustomizer@14cd1699, org.springframework.boot.test.autoconfigure.actuate.metrics.MetricsExportContextCustomizerFactory$DisableMetricExportContextCustomizer@4802796d, org.springframework.boot.test.autoconfigure.filter.TypeExcludeFiltersContextCustomizer@d90f3952, org.springframework.boot.test.autoconfigure.properties.PropertyMappingContextCustomizer@46a9aa5c, org.springframework.boot.test.autoconfigure.web.servlet.WebDriverContextCustomizerFactory$Customizer@489115ef, org.springframework.boot.test.context.SpringBootTestArgs@1, org.springframework.boot.test.context.SpringBootTestWebEnvironment@0], resourceBasePath = 'src/main/webapp', contextLoader = 'org.springframework.boot.test.context.SpringBootContextLoader', parent = [null]], attributes = map[[empty]]]].
07:18:33.687 [main] DEBUG org.springframework.test.context.support.TestPropertySourceUtils - Adding inlined properties to environment: {spring.jmx.enabled=false, org.springframework.boot.test.autoconfigure.web.servlet.WebMvcTestContextBootstrapper=true}

  .   ____          _            __ _ _
 /\\ / ___'_ __ _ _(_)_ __  __ _ \ \ \ \
( ( )\___ | '_ | '_| | '_ \/ _` | \ \ \ \
 \\/  ___)| |_)| | | | | || (_| |  ) ) ) )
  '  |____| .__|_| |_|_| |_\__, | / / / /
 =========|_|==============|___/=/_/_/_/
 :: Spring Boot ::                (v2.4.0)

2021-03-31 07:18:36.609  INFO 3833 --- [           main] com.demo.DemoControllerTest              : Starting DemoControllerTest using Java 1.8.0_282 on a2 with PID 3833 (started by root in /home/vagrant/GitHub/cdaas-demo-app)
2021-03-31 07:18:36.634  INFO 3833 --- [           main] com.demo.DemoControllerTest              : No active profile set, falling back to default profiles: default
2021-03-31 07:18:55.445  INFO 3833 --- [           main] o.s.s.concurrent.ThreadPoolTaskExecutor  : Initializing ExecutorService 'applicationTaskExecutor'
2021-03-31 07:18:59.096  INFO 3833 --- [           main] o.s.b.a.w.s.WelcomePageHandlerMapping    : Adding welcome page template: index
2021-03-31 07:19:01.201  INFO 3833 --- [           main] o.s.b.t.m.w.SpringBootMockServletContext : Initializing Spring TestDispatcherServlet ''
2021-03-31 07:19:01.201  INFO 3833 --- [           main] o.s.t.web.servlet.TestDispatcherServlet  : Initializing Servlet ''
2021-03-31 07:19:01.204  INFO 3833 --- [           main] o.s.t.web.servlet.TestDispatcherServlet  : Completed initialization in 2 ms
2021-03-31 07:19:01.554  INFO 3833 --- [           main] com.demo.DemoControllerTest              : Started DemoControllerTest in 27.706 seconds (JVM running for 34.328)

MockHttpServletRequest:
      HTTP Method = GET
      Request URI = /
       Parameters = {}
          Headers = []
             Body = null
    Session Attrs = {}

Handler:
             Type = org.springframework.web.servlet.mvc.ParameterizableViewController

Async:
    Async started = false
     Async result = null

Resolved Exception:
             Type = null

ModelAndView:
        View name = index
             View = null
            Model = null

FlashMap:
       Attributes = null

MockHttpServletResponse:
           Status = 200
    Error message = null
          Headers = [Content-Language:"en", Content-Type:"text/html;charset=UTF-8"]
     Content type = text/html;charset=UTF-8
             Body = <!DOCTYPE html>
<html lang="en">

<head>
    <meta charset="UTF-8">
    <meta name="viewport" content="width=device-width,initial-scale=1.0">
    <link rel="stylesheet" href="https://cdnjs.cloudflare.com/ajax/libs/font-awesome/5.13.0/css/all.min.css"
        integrity="sha256-h20CPZ0QyXlBuAw7A+KluUYx/3pK+c7lYEpqLTlxjYQ=" crossorigin="anonymous" />
    <link rel="stylesheet" href="/styles/main.css" />
    <title>Demo App</title>
</head>

<body>
    <div class="container">
        <div class="bg2">
            <h2><i class="fas fa-frog"></i></h2>
            <p><a href="https://192.168.130.23">Artifactory</a></p>
        </div>
        <div class="bg2">
            <h2><i class="fas fa-database"></i></h2>
            <p><a href="https://192.168.130.21/pgadmin4">PG Admin</a></p>
        </div>
        <div class="bg2">
            <h2><i class="fas fa-database"></i></h2>
            <p><a href="https://192.168.130.21/adminer">Adminer</a></p>
        </div>
    </div>
</body>

</html>

    Forwarded URL = null
   Redirected URL = null
          Cookies = []
]]></system-out>
  </testcase>
  <testcase name="adminer" classname="com.demo.DemoControllerTest" time="0"/>
  <testcase name="artifactory" classname="com.demo.DemoControllerTest" time="0.004"/>
  <testcase name="pgadmin" classname="com.demo.DemoControllerTest" time="0.024"/>
  <testcase name="cdaas" classname="com.demo.DemoControllerTest" time="0.005"/>
</testsuite>